E:\TRAINING\CHESSDLL\DEBUG\BISHOP.OBJ
E:\TRAINING\CHESSDLL\DEBUG\CHESSDLL.DLL
E:\TRAINING\CHESSDLL\DEBUG\CHESSDLL.DLL.EMBED.MANIFEST
E:\TRAINING\CHESSDLL\DEBUG\CHESSDLL.DLL.EMBED.MANIFEST.RES
E:\TRAINING\CHESSDLL\DEBUG\CHESSDLL.DLL.INTERMEDIATE.MANIFEST
E:\Training\ChessDll\Debug\Chessdll.exp
E:\TRAINING\CHESSDLL\DEBUG\CHESSDLL.ILK
E:\Training\ChessDll\Debug\Chessdll.lib
E:\TRAINING\CHESSDLL\DEBUG\CHESSDLL.OBJ
E:\TRAINING\CHESSDLL\DEBUG\CHESSDLL.PCH
E:\TRAINING\CHESSDLL\DEBUG\CHESSDLL.PDB
E:\Training\ChessDll\Debug\Chessdll.vcxprojResolveAssemblyReference.cache
E:\Training\ChessDll\Debug\Chessdll.write.1.tlog
E:\Training\ChessDll\Debug\Chessdll_manifest.rc
E:\TRAINING\CHESSDLL\DEBUG\CHESSPEICE.OBJ
E:\Training\ChessDll\Debug\cl.command.1.tlog
E:\Training\ChessDll\Debug\CL.read.1.tlog
E:\Training\ChessDll\Debug\CL.write.1.tlog
E:\TRAINING\CHESSDLL\DEBUG\COMMAND.OBJ
E:\TRAINING\CHESSDLL\DEBUG\DLLMAIN.OBJ
E:\TRAINING\CHESSDLL\DEBUG\KING.OBJ
E:\TRAINING\CHESSDLL\DEBUG\KNIGHT.OBJ
E:\Training\ChessDll\Debug\link.5528.read.1.tlog
E:\Training\ChessDll\Debug\link.5528.write.1.tlog
E:\Training\ChessDll\Debug\link.5528-cvtres.read.1.tlog
E:\Training\ChessDll\Debug\link.5528-cvtres.write.1.tlog
E:\Training\ChessDll\Debug\link.8888.read.1.tlog
E:\Training\ChessDll\Debug\link.8888.write.1.tlog
E:\Training\ChessDll\Debug\link.8888-cvtres.read.1.tlog
E:\Training\ChessDll\Debug\link.8888-cvtres.write.1.tlog
E:\Training\ChessDll\Debug\link.command.1.tlog
E:\Training\ChessDll\Debug\link.read.1.tlog
E:\Training\ChessDll\Debug\link.write.1.tlog
E:\Training\ChessDll\Debug\link-cvtres.read.1.tlog
E:\Training\ChessDll\Debug\link-cvtres.write.1.tlog
E:\Training\ChessDll\Debug\mt.command.1.tlog
E:\Training\ChessDll\Debug\mt.read.1.tlog
E:\Training\ChessDll\Debug\mt.write.1.tlog
E:\TRAINING\CHESSDLL\DEBUG\PAWN.OBJ
E:\TRAINING\CHESSDLL\DEBUG\QUEEN.OBJ
E:\Training\ChessDll\Debug\rc.command.1.tlog
E:\Training\ChessDll\Debug\rc.read.1.tlog
E:\Training\ChessDll\Debug\rc.write.1.tlog
E:\TRAINING\CHESSDLL\DEBUG\ROOK.OBJ
E:\TRAINING\CHESSDLL\DEBUG\STDAFX.OBJ
E:\Training\ChessDll\Debug\vc100.idb
E:\TRAINING\CHESSDLL\DEBUG\VC100.PDB
